<?xml version="1.0" encoding="UTF-8"?>
<testsuite xmlns:xsi="http://www.w3.org/2001/XMLSchema-instance" xsi:noNamespaceSchemaLocation="https://maven.apache.org/surefire/maven-surefire-plugin/xsd/surefire-test-report.xsd" name="TestSuite" time="24.135" tests="6" errors="0" skipped="0" failures="0">
  <properties>
    <property name="sun.desktop" value="windows"/>
    <property name="awt.toolkit" value="sun.awt.windows.WToolkit"/>
    <property name="file.encoding.pkg" value="sun.io"/>
    <property name="java.specification.version" value="1.8"/>
    <property name="sun.cpu.isalist" value="amd64"/>
    <property name="sun.jnu.encoding" value="Cp1252"/>
    <property name="java.class.path" value="D:\Java Workspace\todo-test\target\test-classes;D:\Java Workspace\todo-test\target\classes;D:\.m2\repository\org\seleniumhq\selenium\selenium-java\3.14.0\selenium-java-3.14.0.jar;D:\.m2\repository\org\seleniumhq\selenium\selenium-api\3.14.0\selenium-api-3.14.0.jar;D:\.m2\repository\org\seleniumhq\selenium\selenium-chrome-driver\3.14.0\selenium-chrome-driver-3.14.0.jar;D:\.m2\repository\org\seleniumhq\selenium\selenium-edge-driver\3.14.0\selenium-edge-driver-3.14.0.jar;D:\.m2\repository\org\seleniumhq\selenium\selenium-firefox-driver\3.14.0\selenium-firefox-driver-3.14.0.jar;D:\.m2\repository\org\seleniumhq\selenium\selenium-ie-driver\3.14.0\selenium-ie-driver-3.14.0.jar;D:\.m2\repository\org\seleniumhq\selenium\selenium-opera-driver\3.14.0\selenium-opera-driver-3.14.0.jar;D:\.m2\repository\org\seleniumhq\selenium\selenium-remote-driver\3.14.0\selenium-remote-driver-3.14.0.jar;D:\.m2\repository\org\seleniumhq\selenium\selenium-safari-driver\3.14.0\selenium-safari-driver-3.14.0.jar;D:\.m2\repository\org\seleniumhq\selenium\selenium-support\3.14.0\selenium-support-3.14.0.jar;D:\.m2\repository\net\bytebuddy\byte-buddy\1.8.15\byte-buddy-1.8.15.jar;D:\.m2\repository\org\apache\commons\commons-exec\1.3\commons-exec-1.3.jar;D:\.m2\repository\commons-codec\commons-codec\1.10\commons-codec-1.10.jar;D:\.m2\repository\commons-logging\commons-logging\1.2\commons-logging-1.2.jar;D:\.m2\repository\com\google\guava\guava\25.0-jre\guava-25.0-jre.jar;D:\.m2\repository\com\google\code\findbugs\jsr305\1.3.9\jsr305-1.3.9.jar;D:\.m2\repository\org\checkerframework\checker-compat-qual\2.0.0\checker-compat-qual-2.0.0.jar;D:\.m2\repository\com\google\errorprone\error_prone_annotations\2.1.3\error_prone_annotations-2.1.3.jar;D:\.m2\repository\com\google\j2objc\j2objc-annotations\1.1\j2objc-annotations-1.1.jar;D:\.m2\repository\org\codehaus\mojo\animal-sniffer-annotations\1.14\animal-sniffer-annotations-1.14.jar;D:\.m2\repository\org\apache\httpcomponents\httpclient\4.5.5\httpclient-4.5.5.jar;D:\.m2\repository\org\apache\httpcomponents\httpcore\4.4.9\httpcore-4.4.9.jar;D:\.m2\repository\com\squareup\okhttp3\okhttp\3.10.0\okhttp-3.10.0.jar;D:\.m2\repository\com\squareup\okio\okio\1.14.1\okio-1.14.1.jar;D:\.m2\repository\io\github\bonigarcia\webdrivermanager\3.0.0\webdrivermanager-3.0.0.jar;D:\.m2\repository\org\slf4j\slf4j-api\1.7.25\slf4j-api-1.7.25.jar;D:\.m2\repository\commons-io\commons-io\2.6\commons-io-2.6.jar;D:\.m2\repository\com\google\code\gson\gson\2.8.5\gson-2.8.5.jar;D:\.m2\repository\org\apache\commons\commons-lang3\3.7\commons-lang3-3.7.jar;D:\.m2\repository\org\rauschig\jarchivelib\0.8.0\jarchivelib-0.8.0.jar;D:\.m2\repository\org\apache\commons\commons-compress\1.14\commons-compress-1.14.jar;D:\.m2\repository\org\jsoup\jsoup\1.11.3\jsoup-1.11.3.jar;D:\.m2\repository\org\testng\testng\6.14.3\testng-6.14.3.jar;D:\.m2\repository\com\beust\jcommander\1.72\jcommander-1.72.jar;D:\.m2\repository\org\apache-extras\beanshell\bsh\2.0b6\bsh-2.0b6.jar;D:\.m2\repository\org\uncommons\reportng\1.1.4\reportng-1.1.4.jar;D:\.m2\repository\velocity\velocity\1.4\velocity-1.4.jar;D:\.m2\repository\velocity\velocity-dep\1.4\velocity-dep-1.4.jar;D:\.m2\repository\com\google\inject\guice\3.0\guice-3.0.jar;D:\.m2\repository\javax\inject\javax.inject\1\javax.inject-1.jar;D:\.m2\repository\aopalliance\aopalliance\1.0\aopalliance-1.0.jar;"/>
    <property name="java.vm.vendor" value="Oracle Corporation"/>
    <property name="sun.arch.data.model" value="64"/>
    <property name="user.variant" value=""/>
    <property name="java.vendor.url" value="http://java.oracle.com/"/>
    <property name="user.timezone" value="Asia/Jerusalem"/>
    <property name="java.vm.specification.version" value="1.8"/>
    <property name="os.name" value="Windows 10"/>
    <property name="user.country" value="US"/>
    <property name="sun.java.launcher" value="SUN_STANDARD"/>
    <property name="sun.boot.library.path" value="C:\Program Files\Java\jdk1.8.0_191\jre\bin"/>
    <property name="sun.java.command" value="C:\Users\Maxim\AppData\Local\Temp\surefire1690400657332359419\surefirebooter2977258030237827427.jar C:\Users\Maxim\AppData\Local\Temp\surefire1690400657332359419 2018-11-23T13-57-50_346-jvmRun1 surefire8735740842362348000tmp surefire_06227848205776867680tmp"/>
    <property name="surefire.test.class.path" value="D:\Java Workspace\todo-test\target\test-classes;D:\Java Workspace\todo-test\target\classes;D:\.m2\repository\org\seleniumhq\selenium\selenium-java\3.14.0\selenium-java-3.14.0.jar;D:\.m2\repository\org\seleniumhq\selenium\selenium-api\3.14.0\selenium-api-3.14.0.jar;D:\.m2\repository\org\seleniumhq\selenium\selenium-chrome-driver\3.14.0\selenium-chrome-driver-3.14.0.jar;D:\.m2\repository\org\seleniumhq\selenium\selenium-edge-driver\3.14.0\selenium-edge-driver-3.14.0.jar;D:\.m2\repository\org\seleniumhq\selenium\selenium-firefox-driver\3.14.0\selenium-firefox-driver-3.14.0.jar;D:\.m2\repository\org\seleniumhq\selenium\selenium-ie-driver\3.14.0\selenium-ie-driver-3.14.0.jar;D:\.m2\repository\org\seleniumhq\selenium\selenium-opera-driver\3.14.0\selenium-opera-driver-3.14.0.jar;D:\.m2\repository\org\seleniumhq\selenium\selenium-remote-driver\3.14.0\selenium-remote-driver-3.14.0.jar;D:\.m2\repository\org\seleniumhq\selenium\selenium-safari-driver\3.14.0\selenium-safari-driver-3.14.0.jar;D:\.m2\repository\org\seleniumhq\selenium\selenium-support\3.14.0\selenium-support-3.14.0.jar;D:\.m2\repository\net\bytebuddy\byte-buddy\1.8.15\byte-buddy-1.8.15.jar;D:\.m2\repository\org\apache\commons\commons-exec\1.3\commons-exec-1.3.jar;D:\.m2\repository\commons-codec\commons-codec\1.10\commons-codec-1.10.jar;D:\.m2\repository\commons-logging\commons-logging\1.2\commons-logging-1.2.jar;D:\.m2\repository\com\google\guava\guava\25.0-jre\guava-25.0-jre.jar;D:\.m2\repository\com\google\code\findbugs\jsr305\1.3.9\jsr305-1.3.9.jar;D:\.m2\repository\org\checkerframework\checker-compat-qual\2.0.0\checker-compat-qual-2.0.0.jar;D:\.m2\repository\com\google\errorprone\error_prone_annotations\2.1.3\error_prone_annotations-2.1.3.jar;D:\.m2\repository\com\google\j2objc\j2objc-annotations\1.1\j2objc-annotations-1.1.jar;D:\.m2\repository\org\codehaus\mojo\animal-sniffer-annotations\1.14\animal-sniffer-annotations-1.14.jar;D:\.m2\repository\org\apache\httpcomponents\httpclient\4.5.5\httpclient-4.5.5.jar;D:\.m2\repository\org\apache\httpcomponents\httpcore\4.4.9\httpcore-4.4.9.jar;D:\.m2\repository\com\squareup\okhttp3\okhttp\3.10.0\okhttp-3.10.0.jar;D:\.m2\repository\com\squareup\okio\okio\1.14.1\okio-1.14.1.jar;D:\.m2\repository\io\github\bonigarcia\webdrivermanager\3.0.0\webdrivermanager-3.0.0.jar;D:\.m2\repository\org\slf4j\slf4j-api\1.7.25\slf4j-api-1.7.25.jar;D:\.m2\repository\commons-io\commons-io\2.6\commons-io-2.6.jar;D:\.m2\repository\com\google\code\gson\gson\2.8.5\gson-2.8.5.jar;D:\.m2\repository\org\apache\commons\commons-lang3\3.7\commons-lang3-3.7.jar;D:\.m2\repository\org\rauschig\jarchivelib\0.8.0\jarchivelib-0.8.0.jar;D:\.m2\repository\org\apache\commons\commons-compress\1.14\commons-compress-1.14.jar;D:\.m2\repository\org\jsoup\jsoup\1.11.3\jsoup-1.11.3.jar;D:\.m2\repository\org\testng\testng\6.14.3\testng-6.14.3.jar;D:\.m2\repository\com\beust\jcommander\1.72\jcommander-1.72.jar;D:\.m2\repository\org\apache-extras\beanshell\bsh\2.0b6\bsh-2.0b6.jar;D:\.m2\repository\org\uncommons\reportng\1.1.4\reportng-1.1.4.jar;D:\.m2\repository\velocity\velocity\1.4\velocity-1.4.jar;D:\.m2\repository\velocity\velocity-dep\1.4\velocity-dep-1.4.jar;D:\.m2\repository\com\google\inject\guice\3.0\guice-3.0.jar;D:\.m2\repository\javax\inject\javax.inject\1\javax.inject-1.jar;D:\.m2\repository\aopalliance\aopalliance\1.0\aopalliance-1.0.jar;"/>
    <property name="sun.cpu.endian" value="little"/>
    <property name="user.home" value="C:\Users\Maxim"/>
    <property name="user.language" value="en"/>
    <property name="java.specification.vendor" value="Oracle Corporation"/>
    <property name="java.home" value="C:\Program Files\Java\jdk1.8.0_191\jre"/>
    <property name="basedir" value="D:\Java Workspace\todo-test"/>
    <property name="file.separator" value="\"/>
    <property name="line.separator" value="&#10;"/>
    <property name="java.vm.specification.vendor" value="Oracle Corporation"/>
    <property name="java.specification.name" value="Java Platform API Specification"/>
    <property name="java.awt.graphicsenv" value="sun.awt.Win32GraphicsEnvironment"/>
    <property name="surefire.real.class.path" value="C:\Users\Maxim\AppData\Local\Temp\surefire1690400657332359419\surefirebooter2977258030237827427.jar"/>
    <property name="sun.boot.class.path" value="C:\Program Files\Java\jdk1.8.0_191\jre\lib\resources.jar;C:\Program Files\Java\jdk1.8.0_191\jre\lib\rt.jar;C:\Program Files\Java\jdk1.8.0_191\jre\lib\sunrsasign.jar;C:\Program Files\Java\jdk1.8.0_191\jre\lib\jsse.jar;C:\Program Files\Java\jdk1.8.0_191\jre\lib\jce.jar;C:\Program Files\Java\jdk1.8.0_191\jre\lib\charsets.jar;C:\Program Files\Java\jdk1.8.0_191\jre\lib\jfr.jar;C:\Program Files\Java\jdk1.8.0_191\jre\classes"/>
    <property name="user.script" value=""/>
    <property name="sun.management.compiler" value="HotSpot 64-Bit Tiered Compilers"/>
    <property name="java.runtime.version" value="1.8.0_191-b12"/>
    <property name="user.name" value="Maxim"/>
    <property name="path.separator" value=";"/>
    <property name="os.version" value="10.0"/>
    <property name="java.endorsed.dirs" value="C:\Program Files\Java\jdk1.8.0_191\jre\lib\endorsed"/>
    <property name="java.runtime.name" value="Java(TM) SE Runtime Environment"/>
    <property name="file.encoding" value="Cp1252"/>
    <property name="java.vm.name" value="Java HotSpot(TM) 64-Bit Server VM"/>
    <property name="localRepository" value="D:\.m2\repository"/>
    <property name="java.vendor.url.bug" value="http://bugreport.sun.com/bugreport/"/>
    <property name="java.io.tmpdir" value="C:\Users\Maxim\AppData\Local\Temp\"/>
    <property name="java.version" value="1.8.0_191"/>
    <property name="user.dir" value="D:\Java Workspace\todo-test"/>
    <property name="os.arch" value="amd64"/>
    <property name="java.vm.specification.name" value="Java Virtual Machine Specification"/>
    <property name="java.awt.printerjob" value="sun.awt.windows.WPrinterJob"/>
    <property name="sun.os.patch.level" value=""/>
    <property name="java.library.path" value="C:\Program Files\Java\jdk1.8.0_191\jre\bin;C:\Windows\Sun\Java\bin;C:\Windows\system32;C:\Windows;C:/Program Files/Java/jdk1.8.0_191//bin/../jre/bin/server;C:/Program Files/Java/jdk1.8.0_191//bin/../jre/bin;C:/Program Files/Java/jdk1.8.0_191//bin/../jre/lib/amd64;C:\Program Files (x86)\Intel\iCLS Client\;C:\Program Files\Intel\iCLS Client\;C:\Windows\system32;C:\Windows;C:\Windows\System32\Wbem;C:\Windows\System32\WindowsPowerShell\v1.0\;C:\Windows\System32\OpenSSH\;C:\Program Files (x86)\NVIDIA Corporation\PhysX\Common;C:\Program Files (x86)\Intel\Intel(R) Management Engine Components\DAL;C:\Program Files\Intel\Intel(R) Management Engine Components\DAL;C:\Program Files (x86)\Intel\Intel(R) Management Engine Components\IPT;C:\Program Files\Intel\Intel(R) Management Engine Components\IPT;C:\Program Files (x86)\Common Files\Acronis\VirtualFile\;C:\Program Files (x86)\Common Files\Acronis\VirtualFile64\;C:\Program Files (x86)\Common Files\Acronis\FileProtector\;C:\Program Files (x86)\Common Files\Acronis\FileProtector64\;C:\Program Files (x86)\Common Files\Acronis\SnapAPI\;C:\Program Files\Java\jdk1.8.0_191\\bin;D:\apache-maven-3.6.0\bin;C:\Users\Maxim\AppData\Local\Microsoft\WindowsApps;;C:\Program Files\eclipse;;."/>
    <property name="java.vm.info" value="mixed mode"/>
    <property name="java.vendor" value="Oracle Corporation"/>
    <property name="java.vm.version" value="25.191-b12"/>
    <property name="java.ext.dirs" value="C:\Program Files\Java\jdk1.8.0_191\jre\lib\ext;C:\Windows\Sun\Java\lib\ext"/>
    <property name="sun.io.unicode.encoding" value="UnicodeLittle"/>
    <property name="java.class.version" value="52.0"/>
  </properties>
  <testcase name="testCompleteTodo" classname="com.todo.automation.regression.ToDoRegressionSuite" time="2.053"/>
  <testcase name="testCreateTodos" classname="com.todo.automation.regression.ToDoRegressionSuite" time="0.354"/>
  <testcase name="testRemoveTodo" classname="com.todo.automation.regression.ToDoRegressionSuite" time="3.478"/>
  <testcase name="testSelectTodosActive" classname="com.todo.automation.regression.ToDoRegressionSuite" time="3.672"/>
  <testcase name="testSelectTodosAll" classname="com.todo.automation.regression.ToDoRegressionSuite" time="0.532"/>
  <testcase name="testSelectTodosCompleted" classname="com.todo.automation.regression.ToDoRegressionSuite" time="3.404"/>
</testsuite>