<?xml version="1.0" encoding="UTF-8"?>
<!-- Generated by org.testng.reporters.JUnitReportReporter -->
<testsuite skipped="0" hostname="DESKTOP-3MDMV36" name="com.todo.automation.regression.ToDoRegressionSuite" tests="6" failures="0" timestamp="23 Nov 2018 11:57:00 GMT" time="14.545" errors="0">
  <testcase name="testCompleteTodo" time="2.256" classname="com.todo.automation.regression.ToDoRegressionSuite"/>
  <testcase name="testSelectTodosAll" time="0.701" classname="com.todo.automation.regression.ToDoRegressionSuite"/>
  <testcase name="testCreateTodos" time="0.597" classname="com.todo.automation.regression.ToDoRegressionSuite"/>
  <testcase name="testSelectTodosActive" time="3.724" classname="com.todo.automation.regression.ToDoRegressionSuite"/>
  <testcase name="testRemoveTodo" time="3.696" classname="com.todo.automation.regression.ToDoRegressionSuite"/>
  <testcase name="testSelectTodosCompleted" time="3.571" classname="com.todo.automation.regression.ToDoRegressionSuite"/>
</testsuite> <!-- com.todo.automation.regression.ToDoRegressionSuite -->
