<?xml version="1.0" encoding="UTF-8"?>
<!-- Generated by org.testng.reporters.JUnitReportReporter -->
<testsuite skipped="0" hostname="DESKTOP-3MDMV36" name="com.todomvc.automation.regression.ToDoRegressionSuite" tests="1" failures="0" timestamp="20 Nov 2018 19:04:12 GMT" time="30.928" errors="0">
  <testcase name="addToDos" time="30.928" classname="com.todomvc.automation.regression.ToDoRegressionSuite"/>
</testsuite> <!-- com.todomvc.automation.regression.ToDoRegressionSuite -->
